# JRE version: Java(TM) SE Runtime Environment (8.0_144-b01) (build 1.8.0_144-b01)
# Java VM: Java HotSpot(TM) 64-Bit Server VM (25.144-b01 mixed mode windows-amd64 compressed oops)
Heap:
 PSYoungGen      total 189952K, used 112817K [0x000000076de00000, 0x000000077ca80000, 0x00000007c0000000)
  eden space 176640K, 63% used [0x000000076de00000,0x0000000774c2c508,0x0000000778a80000)
  from space 13312K, 0% used [0x0000000779700000,0x0000000779700000,0x000000077a400000)
  to   space 12800K, 0% used [0x0000000778a80000,0x0000000778a80000,0x0000000779700000)
 ParOldGen       total 132096K, used 13672K [0x00000006c9a00000, 0x00000006d1b00000, 0x000000076de00000)
  object space 132096K, 10% used [0x00000006c9a00000,0x00000006ca75a120,0x00000006d1b00000)
 Metaspace       used 41489K, capacity 44006K, committed 44072K, reserved 1087488K
  class space    used 5383K, capacity 5879K, committed 5936K, reserved 1048576K
GC Heap History (10 events):
Event: 1.786 GC heap before
{Heap before GC invocations=4 (full 1):
 PSYoungGen      total 74240K, used 6412K [0x000000076de00000, 0x0000000776f00000, 0x00000007c0000000)
  eden space 64000K, 0% used [0x000000076de00000,0x000000076de00000,0x0000000771c80000)
  from space 10240K, 62% used [0x0000000771c80000,0x00000007722c3058,0x0000000772680000)
  to   space 10240K, 0% used [0x0000000776500000,0x0000000776500000,0x0000000776f00000)
 ParOldGen       total 169472K, used 235K [0x00000006c9a00000, 0x00000006d3f80000, 0x000000076de00000)
  object space 169472K, 0% used [0x00000006c9a00000,0x00000006c9a3af08,0x00000006d3f80000)
 Metaspace       used 20351K, capacity 21262K, committed 21296K, reserved 1067008K
  class space    used 2621K, capacity 2833K, committed 2864K, reserved 1048576K
Event: 1.808 GC heap after
Heap after GC invocations=4 (full 1):
 PSYoungGen      total 74240K, used 0K [0x000000076de00000, 0x0000000776f00000, 0x00000007c0000000)
  eden space 64000K, 0% used [0x000000076de00000,0x000000076de00000,0x0000000771c80000)
  from space 10240K, 0% used [0x0000000771c80000,0x0000000771c80000,0x0000000772680000)
  to   space 10240K, 0% used [0x0000000776500000,0x0000000776500000,0x0000000776f00000)
 ParOldGen       total 90624K, used 6217K [0x00000006c9a00000, 0x00000006cf280000, 0x000000076de00000)
  object space 90624K, 6% used [0x00000006c9a00000,0x00000006ca0126c8,0x00000006cf280000)
 Metaspace       used 20351K, capacity 21262K, committed 21296K, reserved 1067008K
  class space    used 2621K, capacity 2833K, committed 2864K, reserved 1048576K
}
Event: 2.189 GC heap before
{Heap before GC invocations=5 (full 1):
 PSYoungGen      total 74240K, used 64000K [0x000000076de00000, 0x0000000776f00000, 0x00000007c0000000)
  eden space 64000K, 100% used [0x000000076de00000,0x0000000771c80000,0x0000000771c80000)
  from space 10240K, 0% used [0x0000000771c80000,0x0000000771c80000,0x0000000772680000)
  to   space 10240K, 0% used [0x0000000776500000,0x0000000776500000,0x0000000776f00000)
 ParOldGen       total 90624K, used 6217K [0x00000006c9a00000, 0x00000006cf280000, 0x000000076de00000)
  object space 90624K, 6% used [0x00000006c9a00000,0x00000006ca0126c8,0x00000006cf280000)
 Metaspace       used 23406K, capacity 24496K, committed 24624K, reserved 1071104K
  class space    used 3084K, capacity 3310K, committed 3376K, reserved 1048576K
Event: 2.195 GC heap after
Heap after GC invocations=5 (full 1):
 PSYoungGen      total 113152K, used 6481K [0x000000076de00000, 0x0000000776b80000, 0x00000007c0000000)
  eden space 106496K, 0% used [0x000000076de00000,0x000000076de00000,0x0000000774600000)
  from space 6656K, 97% used [0x0000000776500000,0x0000000776b54460,0x0000000776b80000)
  to   space 10240K, 0% used [0x0000000775780000,0x0000000775780000,0x0000000776180000)
 ParOldGen       total 90624K, used 6225K [0x00000006c9a00000, 0x00000006cf280000, 0x000000076de00000)
  object space 90624K, 6% used [0x00000006c9a00000,0x00000006ca0146c8,0x00000006cf280000)
 Metaspace       used 23406K, capacity 24496K, committed 24624K, reserved 1071104K
  class space    used 3084K, capacity 3310K, committed 3376K, reserved 1048576K
}
Event: 3.003 GC heap before
{Heap before GC invocations=6 (full 1):
 PSYoungGen      total 113152K, used 112977K [0x000000076de00000, 0x0000000776b80000, 0x00000007c0000000)
  eden space 106496K, 100% used [0x000000076de00000,0x0000000774600000,0x0000000774600000)
  from space 6656K, 97% used [0x0000000776500000,0x0000000776b54460,0x0000000776b80000)
  to   space 10240K, 0% used [0x0000000775780000,0x0000000775780000,0x0000000776180000)
 ParOldGen       total 90624K, used 6225K [0x00000006c9a00000, 0x00000006cf280000, 0x000000076de00000)
  object space 90624K, 6% used [0x00000006c9a00000,0x00000006ca0146c8,0x00000006cf280000)
 Metaspace       used 32354K, capacity 34270K, committed 34480K, reserved 1079296K
  class space    used 4280K, capacity 4659K, committed 4784K, reserved 1048576K
Event: 3.020 GC heap after
Heap after GC invocations=6 (full 1):
 PSYoungGen      total 134656K, used 10233K [0x000000076de00000, 0x000000077a400000, 0x00000007c0000000)
  eden space 124416K, 0% used [0x000000076de00000,0x000000076de00000,0x0000000775780000)
  from space 10240K, 99% used [0x0000000775780000,0x000000077617e4b0,0x0000000776180000)
  to   space 13312K, 0% used [0x0000000779700000,0x0000000779700000,0x000000077a400000)
 ParOldGen       total 90624K, used 7765K [0x00000006c9a00000, 0x00000006cf280000, 0x000000076de00000)
  object space 90624K, 8% used [0x00000006c9a00000,0x00000006ca1957f8,0x00000006cf280000)
 Metaspace       used 32354K, capacity 34270K, committed 34480K, reserved 1079296K
  class space    used 4280K, capacity 4659K, committed 4784K, reserved 1048576K
}
Event: 3.188 GC heap before
{Heap before GC invocations=7 (full 1):
 PSYoungGen      total 134656K, used 45451K [0x000000076de00000, 0x000000077a400000, 0x00000007c0000000)
  eden space 124416K, 28% used [0x000000076de00000,0x0000000770064988,0x0000000775780000)
  from space 10240K, 99% used [0x0000000775780000,0x000000077617e4b0,0x0000000776180000)
  to   space 13312K, 0% used [0x0000000779700000,0x0000000779700000,0x000000077a400000)
 ParOldGen       total 90624K, used 7765K [0x00000006c9a00000, 0x00000006cf280000, 0x000000076de00000)
  object space 90624K, 8% used [0x00000006c9a00000,0x00000006ca1957f8,0x00000006cf280000)
 Metaspace       used 33520K, capacity 35434K, committed 35496K, reserved 1079296K
  class space    used 4402K, capacity 4777K, committed 4784K, reserved 1048576K
Event: 3.202 GC heap after
Heap after GC invocations=7 (full 1):
 PSYoungGen      total 189952K, used 9081K [0x000000076de00000, 0x000000077ca80000, 0x00000007c0000000)
  eden space 176640K, 0% used [0x000000076de00000,0x000000076de00000,0x0000000778a80000)
  from space 13312K, 68% used [0x0000000779700000,0x0000000779fde5c0,0x000000077a400000)
  to   space 12800K, 0% used [0x0000000778a80000,0x0000000778a80000,0x0000000779700000)
 ParOldGen       total 90624K, used 7773K [0x00000006c9a00000, 0x00000006cf280000, 0x000000076de00000)
  object space 90624K, 8% used [0x00000006c9a00000,0x00000006ca1977f8,0x00000006cf280000)
 Metaspace       used 33520K, capacity 35434K, committed 35496K, reserved 1079296K
  class space    used 4402K, capacity 4777K, committed 4784K, reserved 1048576K
}
Event: 3.203 GC heap before
{Heap before GC invocations=8 (full 2):
 PSYoungGen      total 189952K, used 9081K [0x000000076de00000, 0x000000077ca80000, 0x00000007c0000000)
  eden space 176640K, 0% used [0x000000076de00000,0x000000076de00000,0x0000000778a80000)
  from space 13312K, 68% used [0x0000000779700000,0x0000000779fde5c0,0x000000077a400000)
  to   space 12800K, 0% used [0x0000000778a80000,0x0000000778a80000,0x0000000779700000)
 ParOldGen       total 90624K, used 7773K [0x00000006c9a00000, 0x00000006cf280000, 0x000000076de00000)
  object space 90624K, 8% used [0x00000006c9a00000,0x00000006ca1977f8,0x00000006cf280000)
 Metaspace       used 33520K, capacity 35434K, committed 35496K, reserved 1079296K
  class space    used 4402K, capacity 4777K, committed 4784K, reserved 1048576K
Event: 3.252 GC heap after
Heap after GC invocations=8 (full 2):
 PSYoungGen      total 189952K, used 0K [0x000000076de00000, 0x000000077ca80000, 0x00000007c0000000)
  eden space 176640K, 0% used [0x000000076de00000,0x000000076de00000,0x0000000778a80000)
  from space 13312K, 0% used [0x0000000779700000,0x0000000779700000,0x000000077a400000)
  to   space 12800K, 0% used [0x0000000778a80000,0x0000000778a80000,0x0000000779700000)
 ParOldGen       total 132096K, used 13672K [0x00000006c9a00000, 0x00000006d1b00000, 0x000000076de00000)
  object space 132096K, 10% used [0x00000006c9a00000,0x00000006ca75a120,0x00000006d1b00000)
 Metaspace       used 33520K, capacity 35434K, committed 35496K, reserved 1079296K
  class space    used 4402K, capacity 4777K, committed 4784K, reserved 1048576K
}

