# JRE version: Java(TM) SE Runtime Environment (8.0_144-b01) (build 1.8.0_144-b01)
# Java VM: Java HotSpot(TM) 64-Bit Server VM (25.144-b01 mixed mode windows-amd64 compressed oops)
Heap:
 PSYoungGen      total 266240K, used 110325K [0x000000076de00000, 0x0000000788b00000, 0x00000007c0000000)
  eden space 256000K, 43% used [0x000000076de00000,0x00000007749bd798,0x000000077d800000)
  from space 10240K, 0% used [0x000000077d800000,0x000000077d800000,0x000000077e200000)
  to   space 14336K, 0% used [0x0000000787d00000,0x0000000787d00000,0x0000000788b00000)
 ParOldGen       total 118272K, used 15407K [0x00000006c9a00000, 0x00000006d0d80000, 0x000000076de00000)
  object space 118272K, 13% used [0x00000006c9a00000,0x00000006ca90bdd0,0x00000006d0d80000)
 Metaspace       used 41441K, capacity 43926K, committed 44072K, reserved 1087488K
  class space    used 5372K, capacity 5875K, committed 5936K, reserved 1048576K
GC Heap History (10 events):
Event: 1.637 GC heap before
{Heap before GC invocations=3 (full 0):
 PSYoungGen      total 138240K, used 22962K [0x000000076de00000, 0x0000000776f00000, 0x00000007c0000000)
  eden space 128000K, 10% used [0x000000076de00000,0x000000076ea869c0,0x0000000775b00000)
  from space 10240K, 98% used [0x0000000776500000,0x0000000776ee6088,0x0000000776f00000)
  to   space 10240K, 0% used [0x0000000775b00000,0x0000000775b00000,0x0000000776500000)
 ParOldGen       total 169472K, used 24K [0x00000006c9a00000, 0x00000006d3f80000, 0x000000076de00000)
  object space 169472K, 0% used [0x00000006c9a00000,0x00000006c9a06000,0x00000006d3f80000)
 Metaspace       used 20347K, capacity 21258K, committed 21296K, reserved 1067008K
  class space    used 2621K, capacity 2833K, committed 2864K, reserved 1048576K
Event: 1.646 GC heap after
Heap after GC invocations=3 (full 0):
 PSYoungGen      total 138240K, used 6258K [0x000000076de00000, 0x000000077ec00000, 0x00000007c0000000)
  eden space 128000K, 0% used [0x000000076de00000,0x000000076de00000,0x0000000775b00000)
  from space 10240K, 61% used [0x0000000775b00000,0x000000077611c928,0x0000000776500000)
  to   space 10240K, 0% used [0x000000077e200000,0x000000077e200000,0x000000077ec00000)
 ParOldGen       total 169472K, used 32K [0x00000006c9a00000, 0x00000006d3f80000, 0x000000076de00000)
  object space 169472K, 0% used [0x00000006c9a00000,0x00000006c9a08000,0x00000006d3f80000)
 Metaspace       used 20347K, capacity 21258K, committed 21296K, reserved 1067008K
  class space    used 2621K, capacity 2833K, committed 2864K, reserved 1048576K
}
Event: 1.646 GC heap before
{Heap before GC invocations=4 (full 1):
 PSYoungGen      total 138240K, used 6258K [0x000000076de00000, 0x000000077ec00000, 0x00000007c0000000)
  eden space 128000K, 0% used [0x000000076de00000,0x000000076de00000,0x0000000775b00000)
  from space 10240K, 61% used [0x0000000775b00000,0x000000077611c928,0x0000000776500000)
  to   space 10240K, 0% used [0x000000077e200000,0x000000077e200000,0x000000077ec00000)
 ParOldGen       total 169472K, used 32K [0x00000006c9a00000, 0x00000006d3f80000, 0x000000076de00000)
  object space 169472K, 0% used [0x00000006c9a00000,0x00000006c9a08000,0x00000006d3f80000)
 Metaspace       used 20347K, capacity 21258K, committed 21296K, reserved 1067008K
  class space    used 2621K, capacity 2833K, committed 2864K, reserved 1048576K
Event: 1.667 GC heap after
Heap after GC invocations=4 (full 1):
 PSYoungGen      total 138240K, used 0K [0x000000076de00000, 0x000000077ec00000, 0x00000007c0000000)
  eden space 128000K, 0% used [0x000000076de00000,0x000000076de00000,0x0000000775b00000)
  from space 10240K, 0% used [0x0000000775b00000,0x0000000775b00000,0x0000000776500000)
  to   space 10240K, 0% used [0x000000077e200000,0x000000077e200000,0x000000077ec00000)
 ParOldGen       total 81408K, used 6033K [0x00000006c9a00000, 0x00000006ce980000, 0x000000076de00000)
  object space 81408K, 7% used [0x00000006c9a00000,0x00000006c9fe45b8,0x00000006ce980000)
 Metaspace       used 20347K, capacity 21258K, committed 21296K, reserved 1067008K
  class space    used 2621K, capacity 2833K, committed 2864K, reserved 1048576K
}
Event: 2.558 GC heap before
{Heap before GC invocations=5 (full 1):
 PSYoungGen      total 138240K, used 128000K [0x000000076de00000, 0x000000077ec00000, 0x00000007c0000000)
  eden space 128000K, 100% used [0x000000076de00000,0x0000000775b00000,0x0000000775b00000)
  from space 10240K, 0% used [0x0000000775b00000,0x0000000775b00000,0x0000000776500000)
  to   space 10240K, 0% used [0x000000077e200000,0x000000077e200000,0x000000077ec00000)
 ParOldGen       total 81408K, used 6033K [0x00000006c9a00000, 0x00000006ce980000, 0x000000076de00000)
  object space 81408K, 7% used [0x00000006c9a00000,0x00000006c9fe45b8,0x00000006ce980000)
 Metaspace       used 27902K, capacity 29584K, committed 29744K, reserved 1075200K
  class space    used 3684K, capacity 4048K, committed 4144K, reserved 1048576K
Event: 2.579 GC heap after
Heap after GC invocations=5 (full 1):
 PSYoungGen      total 241152K, used 10230K [0x000000076de00000, 0x000000077ec00000, 0x00000007c0000000)
  eden space 230912K, 0% used [0x000000076de00000,0x000000076de00000,0x000000077bf80000)
  from space 10240K, 99% used [0x000000077e200000,0x000000077ebfdae0,0x000000077ec00000)
  to   space 10240K, 0% used [0x000000077d800000,0x000000077d800000,0x000000077e200000)
 ParOldGen       total 81408K, used 8197K [0x00000006c9a00000, 0x00000006ce980000, 0x000000076de00000)
  object space 81408K, 10% used [0x00000006c9a00000,0x00000006ca2014d8,0x00000006ce980000)
 Metaspace       used 27902K, capacity 29584K, committed 29744K, reserved 1075200K
  class space    used 3684K, capacity 4048K, committed 4144K, reserved 1048576K
}
Event: 3.018 GC heap before
{Heap before GC invocations=6 (full 1):
 PSYoungGen      total 241152K, used 87848K [0x000000076de00000, 0x000000077ec00000, 0x00000007c0000000)
  eden space 230912K, 33% used [0x000000076de00000,0x00000007729cc818,0x000000077bf80000)
  from space 10240K, 99% used [0x000000077e200000,0x000000077ebfdae0,0x000000077ec00000)
  to   space 10240K, 0% used [0x000000077d800000,0x000000077d800000,0x000000077e200000)
 ParOldGen       total 81408K, used 8197K [0x00000006c9a00000, 0x00000006ce980000, 0x000000076de00000)
  object space 81408K, 10% used [0x00000006c9a00000,0x00000006ca2014d8,0x00000006ce980000)
 Metaspace       used 33523K, capacity 35438K, committed 35496K, reserved 1079296K
  class space    used 4402K, capacity 4777K, committed 4784K, reserved 1048576K
Event: 3.030 GC heap after
Heap after GC invocations=6 (full 1):
 PSYoungGen      total 266240K, used 10232K [0x000000076de00000, 0x0000000788b00000, 0x00000007c0000000)
  eden space 256000K, 0% used [0x000000076de00000,0x000000076de00000,0x000000077d800000)
  from space 10240K, 99% used [0x000000077d800000,0x000000077e1fe158,0x000000077e200000)
  to   space 14336K, 0% used [0x0000000787d00000,0x0000000787d00000,0x0000000788b00000)
 ParOldGen       total 81408K, used 8962K [0x00000006c9a00000, 0x00000006ce980000, 0x000000076de00000)
  object space 81408K, 11% used [0x00000006c9a00000,0x00000006ca2c09a8,0x00000006ce980000)
 Metaspace       used 33523K, capacity 35438K, committed 35496K, reserved 1079296K
  class space    used 4402K, capacity 4777K, committed 4784K, reserved 1048576K
}
Event: 3.030 GC heap before
{Heap before GC invocations=7 (full 2):
 PSYoungGen      total 266240K, used 10232K [0x000000076de00000, 0x0000000788b00000, 0x00000007c0000000)
  eden space 256000K, 0% used [0x000000076de00000,0x000000076de00000,0x000000077d800000)
  from space 10240K, 99% used [0x000000077d800000,0x000000077e1fe158,0x000000077e200000)
  to   space 14336K, 0% used [0x0000000787d00000,0x0000000787d00000,0x0000000788b00000)
 ParOldGen       total 81408K, used 8962K [0x00000006c9a00000, 0x00000006ce980000, 0x000000076de00000)
  object space 81408K, 11% used [0x00000006c9a00000,0x00000006ca2c09a8,0x00000006ce980000)
 Metaspace       used 33523K, capacity 35438K, committed 35496K, reserved 1079296K
  class space    used 4402K, capacity 4777K, committed 4784K, reserved 1048576K
Event: 3.075 GC heap after
Heap after GC invocations=7 (full 2):
 PSYoungGen      total 266240K, used 0K [0x000000076de00000, 0x0000000788b00000, 0x00000007c0000000)
  eden space 256000K, 0% used [0x000000076de00000,0x000000076de00000,0x000000077d800000)
  from space 10240K, 0% used [0x000000077d800000,0x000000077d800000,0x000000077e200000)
  to   space 14336K, 0% used [0x0000000787d00000,0x0000000787d00000,0x0000000788b00000)
 ParOldGen       total 118272K, used 15407K [0x00000006c9a00000, 0x00000006d0d80000, 0x000000076de00000)
  object space 118272K, 13% used [0x00000006c9a00000,0x00000006ca90bdd0,0x00000006d0d80000)
 Metaspace       used 33523K, capacity 35438K, committed 35496K, reserved 1079296K
  class space    used 4402K, capacity 4777K, committed 4784K, reserved 1048576K
}

